<?xml version="1.0" encoding="UTF-8"?>
<testsuite xmlns:xsi="http://www.w3.org/2001/XMLSchema-instance" xsi:noNamespaceSchemaLocation="https://maven.apache.org/surefire/maven-surefire-plugin/xsd/surefire-test-report.xsd" name="com.gusrylmubarok.hibernate.AppTest" time="0.107" tests="1" errors="0" skipped="0" failures="0">
  <properties>
    <property name="sun.desktop" value="gnome"/>
    <property name="awt.toolkit" value="sun.awt.X11.XToolkit"/>
    <property name="java.specification.version" value="11"/>
    <property name="sun.cpu.isalist" value=""/>
    <property name="sun.jnu.encoding" value="UTF-8"/>
    <property name="java.class.path" value="/home/ophthalmologist/Development/Java Project/JavaGuides/Spring-Framework/Spring-Hibernate/Bootstrap/hello-world/target/test-classes:/home/ophthalmologist/Development/Java Project/JavaGuides/Spring-Framework/Spring-Hibernate/Bootstrap/hello-world/target/classes:/home/ophthalmologist/.m2/repository/mysql/mysql-connector-java/8.0.13/mysql-connector-java-8.0.13.jar:/home/ophthalmologist/.m2/repository/com/google/protobuf/protobuf-java/3.6.1/protobuf-java-3.6.1.jar:/home/ophthalmologist/.m2/repository/org/hibernate/hibernate-core/5.3.7.Final/hibernate-core-5.3.7.Final.jar:/home/ophthalmologist/.m2/repository/org/jboss/logging/jboss-logging/3.3.2.Final/jboss-logging-3.3.2.Final.jar:/home/ophthalmologist/.m2/repository/javax/persistence/javax.persistence-api/2.2/javax.persistence-api-2.2.jar:/home/ophthalmologist/.m2/repository/org/javassist/javassist/3.23.1-GA/javassist-3.23.1-GA.jar:/home/ophthalmologist/.m2/repository/net/bytebuddy/byte-buddy/1.8.17/byte-buddy-1.8.17.jar:/home/ophthalmologist/.m2/repository/antlr/antlr/2.7.7/antlr-2.7.7.jar:/home/ophthalmologist/.m2/repository/org/jboss/spec/javax/transaction/jboss-transaction-api_1.2_spec/1.1.1.Final/jboss-transaction-api_1.2_spec-1.1.1.Final.jar:/home/ophthalmologist/.m2/repository/org/jboss/jandex/2.0.5.Final/jandex-2.0.5.Final.jar:/home/ophthalmologist/.m2/repository/com/fasterxml/classmate/1.3.4/classmate-1.3.4.jar:/home/ophthalmologist/.m2/repository/javax/activation/javax.activation-api/1.2.0/javax.activation-api-1.2.0.jar:/home/ophthalmologist/.m2/repository/org/dom4j/dom4j/2.1.1/dom4j-2.1.1.jar:/home/ophthalmologist/.m2/repository/org/hibernate/common/hibernate-commons-annotations/5.0.4.Final/hibernate-commons-annotations-5.0.4.Final.jar:/home/ophthalmologist/.m2/repository/junit/junit/4.11/junit-4.11.jar:/home/ophthalmologist/.m2/repository/org/hamcrest/hamcrest-core/1.3/hamcrest-core-1.3.jar:"/>
    <property name="java.vm.vendor" value="Oracle Corporation"/>
    <property name="sun.arch.data.model" value="64"/>
    <property name="java.vendor.url" value="https://openjdk.java.net/"/>
    <property name="user.timezone" value=""/>
    <property name="java.vm.specification.version" value="11"/>
    <property name="os.name" value="Linux"/>
    <property name="sun.java.launcher" value="SUN_STANDARD"/>
    <property name="user.country" value="US"/>
    <property name="sun.boot.library.path" value="/usr/lib/jvm/java-11-openjdk/lib"/>
    <property name="sun.java.command" value="/home/ophthalmologist/Development/Java Project/JavaGuides/Spring-Framework/Spring-Hibernate/Bootstrap/hello-world/target/surefire/surefirebooter12322754539844781563.jar /home/ophthalmologist/Development/Java Project/JavaGuides/Spring-Framework/Spring-Hibernate/Bootstrap/hello-world/target/surefire 2022-03-21T15-49-21_324-jvmRun1 surefire7305988013544785723tmp surefire_08507001524128239171tmp"/>
    <property name="jdk.debug" value="release"/>
    <property name="surefire.test.class.path" value="/home/ophthalmologist/Development/Java Project/JavaGuides/Spring-Framework/Spring-Hibernate/Bootstrap/hello-world/target/test-classes:/home/ophthalmologist/Development/Java Project/JavaGuides/Spring-Framework/Spring-Hibernate/Bootstrap/hello-world/target/classes:/home/ophthalmologist/.m2/repository/mysql/mysql-connector-java/8.0.13/mysql-connector-java-8.0.13.jar:/home/ophthalmologist/.m2/repository/com/google/protobuf/protobuf-java/3.6.1/protobuf-java-3.6.1.jar:/home/ophthalmologist/.m2/repository/org/hibernate/hibernate-core/5.3.7.Final/hibernate-core-5.3.7.Final.jar:/home/ophthalmologist/.m2/repository/org/jboss/logging/jboss-logging/3.3.2.Final/jboss-logging-3.3.2.Final.jar:/home/ophthalmologist/.m2/repository/javax/persistence/javax.persistence-api/2.2/javax.persistence-api-2.2.jar:/home/ophthalmologist/.m2/repository/org/javassist/javassist/3.23.1-GA/javassist-3.23.1-GA.jar:/home/ophthalmologist/.m2/repository/net/bytebuddy/byte-buddy/1.8.17/byte-buddy-1.8.17.jar:/home/ophthalmologist/.m2/repository/antlr/antlr/2.7.7/antlr-2.7.7.jar:/home/ophthalmologist/.m2/repository/org/jboss/spec/javax/transaction/jboss-transaction-api_1.2_spec/1.1.1.Final/jboss-transaction-api_1.2_spec-1.1.1.Final.jar:/home/ophthalmologist/.m2/repository/org/jboss/jandex/2.0.5.Final/jandex-2.0.5.Final.jar:/home/ophthalmologist/.m2/repository/com/fasterxml/classmate/1.3.4/classmate-1.3.4.jar:/home/ophthalmologist/.m2/repository/javax/activation/javax.activation-api/1.2.0/javax.activation-api-1.2.0.jar:/home/ophthalmologist/.m2/repository/org/dom4j/dom4j/2.1.1/dom4j-2.1.1.jar:/home/ophthalmologist/.m2/repository/org/hibernate/common/hibernate-commons-annotations/5.0.4.Final/hibernate-commons-annotations-5.0.4.Final.jar:/home/ophthalmologist/.m2/repository/junit/junit/4.11/junit-4.11.jar:/home/ophthalmologist/.m2/repository/org/hamcrest/hamcrest-core/1.3/hamcrest-core-1.3.jar:"/>
    <property name="sun.cpu.endian" value="little"/>
    <property name="user.home" value="/home/ophthalmologist"/>
    <property name="user.language" value="en"/>
    <property name="java.specification.vendor" value="Oracle Corporation"/>
    <property name="java.version.date" value="2022-04-19"/>
    <property name="java.home" value="/usr/lib/jvm/java-11-openjdk"/>
    <property name="file.separator" value="/"/>
    <property name="basedir" value="/home/ophthalmologist/Development/Java Project/JavaGuides/Spring-Framework/Spring-Hibernate/Bootstrap/hello-world"/>
    <property name="java.vm.compressedOopsMode" value="Zero based"/>
    <property name="line.separator" value="&#10;"/>
    <property name="java.specification.name" value="Java Platform API Specification"/>
    <property name="java.vm.specification.vendor" value="Oracle Corporation"/>
    <property name="java.awt.graphicsenv" value="sun.awt.X11GraphicsEnvironment"/>
    <property name="surefire.real.class.path" value="/home/ophthalmologist/Development/Java Project/JavaGuides/Spring-Framework/Spring-Hibernate/Bootstrap/hello-world/target/surefire/surefirebooter12322754539844781563.jar"/>
    <property name="sun.management.compiler" value="HotSpot 64-Bit Tiered Compilers"/>
    <property name="java.runtime.version" value="11.0.15+3"/>
    <property name="user.name" value="ophthalmologist"/>
    <property name="path.separator" value=":"/>
    <property name="os.version" value="5.15.28-1-MANJARO"/>
    <property name="java.runtime.name" value="OpenJDK Runtime Environment"/>
    <property name="file.encoding" value="UTF-8"/>
    <property name="java.vm.name" value="OpenJDK 64-Bit Server VM"/>
    <property name="localRepository" value="/home/ophthalmologist/.m2/repository"/>
    <property name="java.vendor.url.bug" value="https://bugreport.java.com/bugreport/"/>
    <property name="java.io.tmpdir" value="/tmp"/>
    <property name="java.version" value="11.0.15"/>
    <property name="user.dir" value="/home/ophthalmologist/Development/Java Project/JavaGuides/Spring-Framework/Spring-Hibernate/Bootstrap/hello-world"/>
    <property name="os.arch" value="amd64"/>
    <property name="java.vm.specification.name" value="Java Virtual Machine Specification"/>
    <property name="java.awt.printerjob" value="sun.print.PSPrinterJob"/>
    <property name="sun.os.patch.level" value="unknown"/>
    <property name="java.library.path" value="/usr/java/packages/lib:/usr/lib64:/lib64:/lib:/usr/lib"/>
    <property name="java.vm.info" value="mixed mode"/>
    <property name="java.vendor" value="Oracle Corporation"/>
    <property name="java.vm.version" value="11.0.15+3"/>
    <property name="sun.io.unicode.encoding" value="UnicodeLittle"/>
    <property name="java.class.version" value="55.0"/>
  </properties>
  <testcase name="shouldAnswerWithTrue" classname="com.gusrylmubarok.hibernate.AppTest" time="0.005"/>
</testsuite>